Fecha y Hora: 2018-07-14 15:27:16
Modulo: Warehouse 
Clase: Order
Metodo: ConsultAll
ID Empresa: 1
ID Usuario: 1
Error: SQLSTATE[42000]: Syntax error or access violation: 1064 You have an error in your SQL syntax; check the manual that corresponds to your MariaDB server version for the right syntax to use near ') and `alm_pedido`.`id_empresa` = ?' at line 6 (SQL: select count(*) as aggregate from `alm_pedido` left join `alm_mesa` on `alm_pedido`.`id_mesa` = `alm_mesa`.`id` and `alm_mesa`.`estado` in (1, 0) inner join `s_empresa` on `alm_pedido`.`id_empresa` = `s_empresa`.`id` inner join `s_sucursal` on `s_empresa`.`id` = `s_sucursal`.`id` where `alm_pedido`.`estado` in (0, 1) and (
                    alm_pedido.codigo LIKE '%%' OR
                    alm_mesa.nombre LIKE '%%' OR
                    alm_pedido.descripcion LIKE '%%' OR
                    
                ) and `alm_pedido`.`id_empresa` = 1)

Fecha y Hora: 2018-07-14 15:30:02
Modulo: Warehouse 
Clase: Order
Metodo: ConsultAll
ID Empresa: 1
ID Usuario: 1
Error: SQLSTATE[42000]: Syntax error or access violation: 1064 You have an error in your SQL syntax; check the manual that corresponds to your MariaDB server version for the right syntax to use near ') and `alm_pedido`.`id_empresa` = ?' at line 6 (SQL: select count(*) as aggregate from `alm_pedido` left join `alm_mesa` on `alm_pedido`.`id_mesa` = `alm_mesa`.`id` and `alm_mesa`.`estado` in (1, 0) inner join `s_empresa` on `alm_pedido`.`id_empresa` = `s_empresa`.`id` inner join `s_sucursal` on `s_empresa`.`id` = `s_sucursal`.`id` where `alm_pedido`.`estado` in (0, 1) and (
                    alm_pedido.codigo LIKE '%%' OR
                    alm_mesa.nombre LIKE '%%' OR
                    alm_pedido.descripcion LIKE '%%' OR
                    
                ) and `alm_pedido`.`id_empresa` = 1)

Fecha y Hora: 2018-07-14 15:30:23
Modulo: Warehouse 
Clase: Order
Metodo: ConsultAll
ID Empresa: 1
ID Usuario: 1
Error: SQLSTATE[42000]: Syntax error or access violation: 1064 You have an error in your SQL syntax; check the manual that corresponds to your MariaDB server version for the right syntax to use near ') and `alm_pedido`.`id_empresa` = ?' at line 6 (SQL: select count(*) as aggregate from `alm_pedido` left join `alm_mesa` on `alm_pedido`.`id_mesa` = `alm_mesa`.`id` and `alm_mesa`.`estado` in (1, 0) inner join `s_empresa` on `alm_pedido`.`id_empresa` = `s_empresa`.`id` inner join `s_sucursal` on `s_empresa`.`id` = `s_sucursal`.`id` where `alm_pedido`.`estado` in (0, 1) and (
                    alm_pedido.codigo LIKE '%%' OR
                    alm_mesa.nombre LIKE '%%' OR
                    alm_pedido.descripcion LIKE '%%' OR
                    
                ) and `alm_pedido`.`id_empresa` = 1)

Fecha y Hora: 2018-07-22 08:59:46
Modulo: Warehouse 
Clase: Order
Metodo: ConsultAll
ID Empresa: 13
ID Usuario: 23
Error: SQLSTATE[42S22]: Column not found: 1054 Unknown column 'alm_pedido.id_empresad' in 'where clause' (SQL: select count(*) as aggregate from `alm_pedido` left join `alm_mesa` on `alm_pedido`.`id_mesa` = `alm_mesa`.`id` and `alm_mesa`.`estado` in (1, 0) left join `v_transactions_created` on `alm_pedido`.`id` = `v_transactions_created`.`id_alterado` and `v_transactions_created`.`nombre_tabla` = alm_pedido inner join `s_empresa` on `alm_pedido`.`id_empresa` = `s_empresa`.`id` inner join `s_sucursal` on `s_empresa`.`id` = `s_sucursal`.`id` where `alm_pedido`.`estado` in (0, 1) and (
                    alm_pedido.codigo LIKE '%%' OR
                    alm_mesa.nombre LIKE '%%' OR
                    alm_pedido.descripcion LIKE '%%' OR
                    v_transactions_created.usuario LIKE '%%'
                ) and `alm_pedido`.`id_empresad` = 13)

Fecha y Hora: 2021-10-31 19:52:45
Modulo: Warehouse 
Clase: Order
Metodo: ConsultAll
ID Empresa: 1
ID Usuario: 1
Error: SQLSTATE[28000]: Invalid authorization specification: 1045 Access denied for user 'stidsn3t_admin'@'localhost' (using password: YES) (SQL: select count(*) as aggregate from `alm_pedido` left join `alm_mesa` on `alm_pedido`.`id_mesa` = `alm_mesa`.`id` and `alm_mesa`.`estado` in (1, 0) left join `v_transactions_created` on `alm_pedido`.`id` = `v_transactions_created`.`id_alterado` and `v_transactions_created`.`nombre_tabla` = alm_pedido inner join `s_empresa` on `alm_pedido`.`id_empresa` = `s_empresa`.`id` inner join `s_sucursal` on `s_empresa`.`id` = `s_sucursal`.`id_empresa` where `alm_pedido`.`estado` in (0, 1) and (
                    alm_pedido.codigo LIKE '%%' OR
                    alm_mesa.nombre LIKE '%%' OR
                    alm_pedido.descripcion LIKE '%%' OR
                    v_transactions_created.usuario LIKE '%%'
                ) and `alm_pedido`.`id_empresa` = 1)

Fecha y Hora: 2022-07-06 11:31:55
Modulo: Warehouse 
Clase: Order
Metodo: ConsultAll
ID Empresa: 1
ID Usuario: 1
Error: SQLSTATE[28000]: Invalid authorization specification: 1045 Access denied for user 'stidsn3t_admin'@'localhost' (using password: YES) (SQL: select count(*) as aggregate from `alm_pedido` left join `alm_mesa` on `alm_pedido`.`id_mesa` = `alm_mesa`.`id` and `alm_mesa`.`estado` in (1, 0) left join `v_transactions_created` on `alm_pedido`.`id` = `v_transactions_created`.`id_alterado` and `v_transactions_created`.`nombre_tabla` = alm_pedido inner join `s_empresa` on `alm_pedido`.`id_empresa` = `s_empresa`.`id` inner join `s_sucursal` on `s_empresa`.`id` = `s_sucursal`.`id_empresa` where `alm_pedido`.`estado` in (0, 1) and (
                    alm_pedido.codigo LIKE '%%' OR
                    alm_mesa.nombre LIKE '%%' OR
                    alm_pedido.descripcion LIKE '%%' OR
                    v_transactions_created.usuario LIKE '%%'
                ) and `alm_pedido`.`id_empresa` = 1)

